<?xml version="1.0" encoding="UTF-8"?>
<testng-results skipped="0" failed="0" ignored="0" total="1" passed="1">
  <reporter-output>
  </reporter-output>
  <suite name="Default suite" duration-ms="28080" started-at="2022-06-14T10:10:53 IST" finished-at="2022-06-14T10:11:21 IST">
    <groups>
    </groups>
    <test name="Default test" duration-ms="28080" started-at="2022-06-14T10:10:53 IST" finished-at="2022-06-14T10:11:21 IST">
      <class name="com.helpBot.testcases.HelpBotWindowTest">
        <test-method status="PASS" signature="loadConfig()[pri:0, instance:com.helpBot.testcases.HelpBotWindowTest@43a0cee9]" name="loadConfig" is-config="true" duration-ms="5" started-at="2022-06-14T10:10:53 IST" finished-at="2022-06-14T10:10:53 IST">
          <reporter-output>
          </reporter-output>
        </test-method> <!-- loadConfig -->
        <test-method status="PASS" signature="load()[pri:0, instance:com.helpBot.testcases.HelpBotWindowTest@43a0cee9]" name="load" is-config="true" duration-ms="4716" started-at="2022-06-14T10:10:53 IST" finished-at="2022-06-14T10:10:57 IST">
          <reporter-output>
          </reporter-output>
        </test-method> <!-- load -->
        <test-method status="PASS" signature="feedBackTest()[pri:0, instance:com.helpBot.testcases.HelpBotWindowTest@43a0cee9]" name="feedBackTest" duration-ms="23331" started-at="2022-06-14T10:10:57 IST" finished-at="2022-06-14T10:11:21 IST">
          <reporter-output>
          </reporter-output>
        </test-method> <!-- feedBackTest -->
      </class> <!-- com.helpBot.testcases.HelpBotWindowTest -->
    </test> <!-- Default test -->
  </suite> <!-- Default suite -->
</testng-results>
